[2019-02-18 08:02:51,834] TRACE [Controller id=0 epoch=1] Received response {error_code=0} for request UPDATE_METADATA with correlation id 0 sent to broker BMH1062720.ban.apac.bosch.com:9092 (id: 0 rack: null) (state.change.logger)
[2019-02-18 08:02:54,262] TRACE [Controller id=0 epoch=1] Changed partition predicteddata-0 state from NonExistentPartition to NewPartition with assigned replicas 0 (state.change.logger)
[2019-02-18 08:02:54,265] TRACE [Controller id=0 epoch=1] Changed state of replica 0 for partition predicteddata-0 from NonExistentReplica to NewReplica (state.change.logger)
[2019-02-18 08:02:54,450] TRACE [Controller id=0 epoch=1] Changed partition predicteddata-0 from NewPartition to OnlinePartition with state LeaderAndIsr(leader=0, leaderEpoch=0, isr=List(0), zkVersion=0) (state.change.logger)
[2019-02-18 08:02:54,450] TRACE [Controller id=0 epoch=1] Sending become-leader LeaderAndIsr request PartitionState(controllerEpoch=1, leader=0, leaderEpoch=0, isr=0, zkVersion=0, replicas=0, isNew=true) to broker 0 for partition predicteddata-0 (state.change.logger)
[2019-02-18 08:02:54,452] TRACE [Controller id=0 epoch=1] Sending UpdateMetadata request PartitionState(controllerEpoch=1, leader=0, leaderEpoch=0, isr=[0], zkVersion=0, replicas=[0], offlineReplicas=[]) to brokers Set(0) for partition predicteddata-0 (state.change.logger)
[2019-02-18 08:02:54,453] TRACE [Controller id=0 epoch=1] Changed state of replica 0 for partition predicteddata-0 from NewReplica to OnlineReplica (state.change.logger)
[2019-02-18 08:02:54,453] TRACE [Broker id=0] Received LeaderAndIsr request PartitionState(controllerEpoch=1, leader=0, leaderEpoch=0, isr=0, zkVersion=0, replicas=0, isNew=true) correlation id 1 from controller 0 epoch 1 for partition predicteddata-0 (state.change.logger)
[2019-02-18 08:02:54,456] TRACE [Broker id=0] Handling LeaderAndIsr request correlationId 1 from controller 0 epoch 1 starting the become-leader transition for partition predicteddata-0 (state.change.logger)
[2019-02-18 08:02:54,740] TRACE [Broker id=0] Stopped fetchers as part of become-leader request from controller 0 epoch 1 with correlation id 1 for partition predicteddata-0 (last update controller epoch 1) (state.change.logger)
[2019-02-18 08:02:54,740] TRACE [Broker id=0] Completed LeaderAndIsr request correlationId 1 from controller 0 epoch 1 for the become-leader transition for partition predicteddata-0 (state.change.logger)
[2019-02-18 08:02:54,754] TRACE [Controller id=0 epoch=1] Received response {error_code=0,partitions=[{topic=predicteddata,partition=0,error_code=0}]} for request LEADER_AND_ISR with correlation id 1 sent to broker BMH1062720.ban.apac.bosch.com:9092 (id: 0 rack: null) (state.change.logger)
[2019-02-18 08:02:54,756] TRACE [Broker id=0] Cached leader info PartitionState(controllerEpoch=1, leader=0, leaderEpoch=0, isr=[0], zkVersion=0, replicas=[0], offlineReplicas=[]) for partition predicteddata-0 in response to UpdateMetadata request sent by controller 0 epoch 1 with correlation id 2 (state.change.logger)
[2019-02-18 08:02:54,757] TRACE [Controller id=0 epoch=1] Received response {error_code=0} for request UPDATE_METADATA with correlation id 2 sent to broker BMH1062720.ban.apac.bosch.com:9092 (id: 0 rack: null) (state.change.logger)
[2019-02-18 08:03:00,771] TRACE [Controller id=0 epoch=1] Changed partition roscallbackmessage-0 state from NonExistentPartition to NewPartition with assigned replicas 0 (state.change.logger)
[2019-02-18 08:03:00,771] TRACE [Controller id=0 epoch=1] Changed state of replica 0 for partition roscallbackmessage-0 from NonExistentReplica to NewReplica (state.change.logger)
[2019-02-18 08:03:00,890] TRACE [Controller id=0 epoch=1] Changed partition roscallbackmessage-0 from NewPartition to OnlinePartition with state LeaderAndIsr(leader=0, leaderEpoch=0, isr=List(0), zkVersion=0) (state.change.logger)
[2019-02-18 08:03:00,890] TRACE [Controller id=0 epoch=1] Sending become-leader LeaderAndIsr request PartitionState(controllerEpoch=1, leader=0, leaderEpoch=0, isr=0, zkVersion=0, replicas=0, isNew=true) to broker 0 for partition roscallbackmessage-0 (state.change.logger)
[2019-02-18 08:03:00,890] TRACE [Controller id=0 epoch=1] Sending UpdateMetadata request PartitionState(controllerEpoch=1, leader=0, leaderEpoch=0, isr=[0], zkVersion=0, replicas=[0], offlineReplicas=[]) to brokers Set(0) for partition roscallbackmessage-0 (state.change.logger)
[2019-02-18 08:03:00,890] TRACE [Controller id=0 epoch=1] Changed state of replica 0 for partition roscallbackmessage-0 from NewReplica to OnlineReplica (state.change.logger)
[2019-02-18 08:03:00,891] TRACE [Broker id=0] Received LeaderAndIsr request PartitionState(controllerEpoch=1, leader=0, leaderEpoch=0, isr=0, zkVersion=0, replicas=0, isNew=true) correlation id 3 from controller 0 epoch 1 for partition roscallbackmessage-0 (state.change.logger)
[2019-02-18 08:03:00,892] TRACE [Broker id=0] Handling LeaderAndIsr request correlationId 3 from controller 0 epoch 1 starting the become-leader transition for partition roscallbackmessage-0 (state.change.logger)
[2019-02-18 08:03:00,967] TRACE [Broker id=0] Stopped fetchers as part of become-leader request from controller 0 epoch 1 with correlation id 3 for partition roscallbackmessage-0 (last update controller epoch 1) (state.change.logger)
[2019-02-18 08:03:00,967] TRACE [Broker id=0] Completed LeaderAndIsr request correlationId 3 from controller 0 epoch 1 for the become-leader transition for partition roscallbackmessage-0 (state.change.logger)
[2019-02-18 08:03:00,968] TRACE [Controller id=0 epoch=1] Received response {error_code=0,partitions=[{topic=roscallbackmessage,partition=0,error_code=0}]} for request LEADER_AND_ISR with correlation id 3 sent to broker BMH1062720.ban.apac.bosch.com:9092 (id: 0 rack: null) (state.change.logger)
[2019-02-18 08:03:00,969] TRACE [Broker id=0] Cached leader info PartitionState(controllerEpoch=1, leader=0, leaderEpoch=0, isr=[0], zkVersion=0, replicas=[0], offlineReplicas=[]) for partition roscallbackmessage-0 in response to UpdateMetadata request sent by controller 0 epoch 1 with correlation id 4 (state.change.logger)
[2019-02-18 08:03:00,970] TRACE [Controller id=0 epoch=1] Received response {error_code=0} for request UPDATE_METADATA with correlation id 4 sent to broker BMH1062720.ban.apac.bosch.com:9092 (id: 0 rack: null) (state.change.logger)
